ERROR - 2024-08-21 17:20:52 --> mysqli_sql_exception: You have an error in your SQL syntax; check the manual that corresponds to your MariaDB server version for the right syntax to use near ') NOT NULL,
	`quantidade` INT(100) NOT NULL,
	`categoria` varchar(100) NOT NU...' at line 5 in C:\Users\João Carlos\Documents\API\codeigniter4-framework-336e078\system\Database\MySQLi\Connection.php:312
Stack trace:
#0 C:\Users\João Carlos\Documents\API\codeigniter4-framework-336e078\system\Database\MySQLi\Connection.php(312): mysqli->query('CREATE TABLE `p...', 0)
#1 C:\Users\João Carlos\Documents\API\codeigniter4-framework-336e078\system\Database\BaseConnection.php(734): CodeIgniter\Database\MySQLi\Connection->execute('CREATE TABLE `p...')
#2 C:\Users\João Carlos\Documents\API\codeigniter4-framework-336e078\system\Database\BaseConnection.php(648): CodeIgniter\Database\BaseConnection->simpleQuery('CREATE TABLE `p...')
#3 C:\Users\João Carlos\Documents\API\codeigniter4-framework-336e078\system\Database\Forge.php(570): CodeIgniter\Database\BaseConnection->query('CREATE TABLE `p...')
#4 C:\Users\João Carlos\Documents\API\codeigniter4-framework-336e078\app\Database\Migrations\2024-08-21-171225_Produtos.php(54): CodeIgniter\Database\Forge->createTable('produtos')
#5 C:\Users\João Carlos\Documents\API\codeigniter4-framework-336e078\system\Database\MigrationRunner.php(867): App\Database\Migrations\Produtos->up()
#6 C:\Users\João Carlos\Documents\API\codeigniter4-framework-336e078\system\Database\MigrationRunner.php(183): CodeIgniter\Database\MigrationRunner->migrate('up', Object(stdClass))
#7 C:\Users\João Carlos\Documents\API\codeigniter4-framework-336e078\system\Commands\Database\Migrate.php(85): CodeIgniter\Database\MigrationRunner->latest(NULL)
#8 C:\Users\João Carlos\Documents\API\codeigniter4-framework-336e078\system\CLI\Commands.php(70): CodeIgniter\Commands\Database\Migrate->run(Array)
#9 C:\Users\João Carlos\Documents\API\codeigniter4-framework-336e078\system\CLI\Console.php(48): CodeIgniter\CLI\Commands->run('migrate', Array)
#10 C:\Users\João Carlos\Documents\API\codeigniter4-framework-336e078\system\Boot.php(351): CodeIgniter\CLI\Console->run()
#11 C:\Users\João Carlos\Documents\API\codeigniter4-framework-336e078\system\Boot.php(104): CodeIgniter\Boot::runCommand(Object(CodeIgniter\CLI\Console))
#12 C:\Users\João Carlos\Documents\API\codeigniter4-framework-336e078\spark(84): CodeIgniter\Boot::bootSpark(Object(Config\Paths))
#13 {main}
ERROR - 2024-08-21 17:22:18 --> mysqli_sql_exception: You have an error in your SQL syntax; check the manual that corresponds to your MariaDB server version for the right syntax to use near ') NOT NULL,
	`quantidade` INT(100) NOT NULL,
	`categoria` varchar(100) NOT NU...' at line 5 in C:\Users\João Carlos\Documents\API\codeigniter4-framework-336e078\system\Database\MySQLi\Connection.php:312
Stack trace:
#0 C:\Users\João Carlos\Documents\API\codeigniter4-framework-336e078\system\Database\MySQLi\Connection.php(312): mysqli->query('CREATE TABLE `p...', 0)
#1 C:\Users\João Carlos\Documents\API\codeigniter4-framework-336e078\system\Database\BaseConnection.php(734): CodeIgniter\Database\MySQLi\Connection->execute('CREATE TABLE `p...')
#2 C:\Users\João Carlos\Documents\API\codeigniter4-framework-336e078\system\Database\BaseConnection.php(648): CodeIgniter\Database\BaseConnection->simpleQuery('CREATE TABLE `p...')
#3 C:\Users\João Carlos\Documents\API\codeigniter4-framework-336e078\system\Database\Forge.php(570): CodeIgniter\Database\BaseConnection->query('CREATE TABLE `p...')
#4 C:\Users\João Carlos\Documents\API\codeigniter4-framework-336e078\app\Database\Migrations\2024-08-21-171225_Produtos.php(55): CodeIgniter\Database\Forge->createTable('produtos')
#5 C:\Users\João Carlos\Documents\API\codeigniter4-framework-336e078\system\Database\MigrationRunner.php(867): App\Database\Migrations\Produtos->up()
#6 C:\Users\João Carlos\Documents\API\codeigniter4-framework-336e078\system\Database\MigrationRunner.php(183): CodeIgniter\Database\MigrationRunner->migrate('up', Object(stdClass))
#7 C:\Users\João Carlos\Documents\API\codeigniter4-framework-336e078\system\Commands\Database\Migrate.php(85): CodeIgniter\Database\MigrationRunner->latest(NULL)
#8 C:\Users\João Carlos\Documents\API\codeigniter4-framework-336e078\system\CLI\Commands.php(70): CodeIgniter\Commands\Database\Migrate->run(Array)
#9 C:\Users\João Carlos\Documents\API\codeigniter4-framework-336e078\system\CLI\Console.php(48): CodeIgniter\CLI\Commands->run('migrate', Array)
#10 C:\Users\João Carlos\Documents\API\codeigniter4-framework-336e078\system\Boot.php(351): CodeIgniter\CLI\Console->run()
#11 C:\Users\João Carlos\Documents\API\codeigniter4-framework-336e078\system\Boot.php(104): CodeIgniter\Boot::runCommand(Object(CodeIgniter\CLI\Console))
#12 C:\Users\João Carlos\Documents\API\codeigniter4-framework-336e078\spark(84): CodeIgniter\Boot::bootSpark(Object(Config\Paths))
#13 {main}
ERROR - 2024-08-21 17:24:42 --> mysqli_sql_exception: You have an error in your SQL syntax; check the manual that corresponds to your MariaDB server version for the right syntax to use near ') NOT NULL,
	`quantidade` INT(100) NOT NULL,
	`categoria` varchar(100) NOT NU...' at line 5 in C:\Users\João Carlos\Documents\API\codeigniter4-framework-336e078\system\Database\MySQLi\Connection.php:312
Stack trace:
#0 C:\Users\João Carlos\Documents\API\codeigniter4-framework-336e078\system\Database\MySQLi\Connection.php(312): mysqli->query('CREATE TABLE `p...', 0)
#1 C:\Users\João Carlos\Documents\API\codeigniter4-framework-336e078\system\Database\BaseConnection.php(734): CodeIgniter\Database\MySQLi\Connection->execute('CREATE TABLE `p...')
#2 C:\Users\João Carlos\Documents\API\codeigniter4-framework-336e078\system\Database\BaseConnection.php(648): CodeIgniter\Database\BaseConnection->simpleQuery('CREATE TABLE `p...')
#3 C:\Users\João Carlos\Documents\API\codeigniter4-framework-336e078\system\Database\Forge.php(570): CodeIgniter\Database\BaseConnection->query('CREATE TABLE `p...')
#4 C:\Users\João Carlos\Documents\API\codeigniter4-framework-336e078\app\Database\Migrations\2024-08-21-171225_Produtos.php(53): CodeIgniter\Database\Forge->createTable('produtos')
#5 C:\Users\João Carlos\Documents\API\codeigniter4-framework-336e078\system\Database\MigrationRunner.php(867): App\Database\Migrations\Produtos->up()
#6 C:\Users\João Carlos\Documents\API\codeigniter4-framework-336e078\system\Database\MigrationRunner.php(183): CodeIgniter\Database\MigrationRunner->migrate('up', Object(stdClass))
#7 C:\Users\João Carlos\Documents\API\codeigniter4-framework-336e078\system\Commands\Database\Migrate.php(85): CodeIgniter\Database\MigrationRunner->latest(NULL)
#8 C:\Users\João Carlos\Documents\API\codeigniter4-framework-336e078\system\CLI\Commands.php(70): CodeIgniter\Commands\Database\Migrate->run(Array)
#9 C:\Users\João Carlos\Documents\API\codeigniter4-framework-336e078\system\CLI\Console.php(48): CodeIgniter\CLI\Commands->run('migrate', Array)
#10 C:\Users\João Carlos\Documents\API\codeigniter4-framework-336e078\system\Boot.php(351): CodeIgniter\CLI\Console->run()
#11 C:\Users\João Carlos\Documents\API\codeigniter4-framework-336e078\system\Boot.php(104): CodeIgniter\Boot::runCommand(Object(CodeIgniter\CLI\Console))
#12 C:\Users\João Carlos\Documents\API\codeigniter4-framework-336e078\spark(84): CodeIgniter\Boot::bootSpark(Object(Config\Paths))
#13 {main}
ERROR - 2024-08-21 17:38:27 --> mysqli_sql_exception: Table 'apitest.produtos' doesn't exist in C:\Users\João Carlos\Documents\API\codeigniter4-framework-336e078\system\Database\MySQLi\Connection.php:312
Stack trace:
#0 C:\Users\João Carlos\Documents\API\codeigniter4-framework-336e078\system\Database\MySQLi\Connection.php(312): mysqli->query('INSERT INTO `pr...', 0)
#1 C:\Users\João Carlos\Documents\API\codeigniter4-framework-336e078\system\Database\BaseConnection.php(734): CodeIgniter\Database\MySQLi\Connection->execute('INSERT INTO `pr...')
#2 C:\Users\João Carlos\Documents\API\codeigniter4-framework-336e078\system\Database\BaseConnection.php(648): CodeIgniter\Database\BaseConnection->simpleQuery('INSERT INTO `pr...')
#3 C:\Users\João Carlos\Documents\API\codeigniter4-framework-336e078\system\Database\BaseBuilder.php(2340): CodeIgniter\Database\BaseConnection->query('INSERT INTO `pr...', Array, false)
#4 C:\Users\João Carlos\Documents\API\codeigniter4-framework-336e078\app\Database\Seeds\Dados.php(20): CodeIgniter\Database\BaseBuilder->insert(Array)
#5 C:\Users\João Carlos\Documents\API\codeigniter4-framework-336e078\system\Database\Seeder.php(147): App\Database\Seeds\Dados->run()
#6 C:\Users\João Carlos\Documents\API\codeigniter4-framework-336e078\system\Commands\Database\Seed.php(79): CodeIgniter\Database\Seeder->call('App\\Database\\Se...')
#7 C:\Users\João Carlos\Documents\API\codeigniter4-framework-336e078\system\CLI\Commands.php(70): CodeIgniter\Commands\Database\Seed->run(Array)
#8 C:\Users\João Carlos\Documents\API\codeigniter4-framework-336e078\system\CLI\Console.php(48): CodeIgniter\CLI\Commands->run('db:seed', Array)
#9 C:\Users\João Carlos\Documents\API\codeigniter4-framework-336e078\system\Boot.php(351): CodeIgniter\CLI\Console->run()
#10 C:\Users\João Carlos\Documents\API\codeigniter4-framework-336e078\system\Boot.php(104): CodeIgniter\Boot::runCommand(Object(CodeIgniter\CLI\Console))
#11 C:\Users\João Carlos\Documents\API\codeigniter4-framework-336e078\spark(84): CodeIgniter\Boot::bootSpark(Object(Config\Paths))
#12 {main}
CRITICAL - 2024-08-21 18:15:29 --> ErrorException: require(system/CodeIgniter.php): Failed to open stream: No such file or directory
[Method: GET, Route: /]
in APPPATH\Controllers\Home.php on line 9.
 1 APPPATH\Controllers\Home.php(9): CodeIgniter\Debug\Exceptions->errorHandler(2, 'require(system/CodeIgniter.php): Failed to open stream: No such file or directory', 'C:\\Users\\João Carlos\\Documents\\API\\codeigniter4-framework-336e078\\app\\Controllers\\Home.php', 9)
 2 APPPATH\Controllers\Home.php(9): require()
 3 SYSTEMPATH\CodeIgniter.php(933): App\Controllers\Home->index()
 4 SYSTEMPATH\CodeIgniter.php(509): CodeIgniter\CodeIgniter->runController(Object(App\Controllers\Home))
 5 SYSTEMPATH\CodeIgniter.php(355): CodeIgniter\CodeIgniter->handleRequest(null, Object(Config\Cache), false)
 6 SYSTEMPATH\Boot.php(325): CodeIgniter\CodeIgniter->run()
 7 SYSTEMPATH\Boot.php(67): CodeIgniter\Boot::runCodeIgniter(Object(CodeIgniter\CodeIgniter))
 8 FCPATH\index.php(56): CodeIgniter\Boot::bootWeb(Object(Config\Paths))
CRITICAL - 2024-08-21 18:15:42 --> ErrorException: require(system/CodeIgniter.php): Failed to open stream: No such file or directory
[Method: GET, Route: /]
in APPPATH\Controllers\Home.php on line 9.
 1 APPPATH\Controllers\Home.php(9): CodeIgniter\Debug\Exceptions->errorHandler(2, 'require(system/CodeIgniter.php): Failed to open stream: No such file or directory', 'C:\\Users\\João Carlos\\Documents\\API\\codeigniter4-framework-336e078\\app\\Controllers\\Home.php', 9)
 2 APPPATH\Controllers\Home.php(9): require()
 3 SYSTEMPATH\CodeIgniter.php(933): App\Controllers\Home->index()
 4 SYSTEMPATH\CodeIgniter.php(509): CodeIgniter\CodeIgniter->runController(Object(App\Controllers\Home))
 5 SYSTEMPATH\CodeIgniter.php(355): CodeIgniter\CodeIgniter->handleRequest(null, Object(Config\Cache), false)
 6 SYSTEMPATH\Boot.php(325): CodeIgniter\CodeIgniter->run()
 7 SYSTEMPATH\Boot.php(67): CodeIgniter\Boot::runCodeIgniter(Object(CodeIgniter\CodeIgniter))
 8 FCPATH\index.php(56): CodeIgniter\Boot::bootWeb(Object(Config\Paths))
CRITICAL - 2024-08-21 18:16:24 --> ErrorException: Cannot declare class CodeIgniter\CodeIgniter, because the name is already in use
[Method: GET, Route: /]
in SYSTEMPATH\CodeIgniter.php on line 54.
 1 [internal function]: CodeIgniter\Debug\Exceptions->shutdownHandler()
CRITICAL - 2024-08-21 18:18:46 --> ErrorException: Cannot declare class CodeIgniter\CodeIgniter, because the name is already in use
[Method: GET, Route: /]
in SYSTEMPATH\CodeIgniter.php on line 54.
 1 [internal function]: CodeIgniter\Debug\Exceptions->shutdownHandler()
ERROR - 2024-08-21 18:20:37 --> mysqli_sql_exception: You have an error in your SQL syntax; check the manual that corresponds to your MariaDB server version for the right syntax to use near ') NOT NULL,
	`quantidade` INT(100) NOT NULL,
	`categoria` varchar(100) NOT NU...' at line 5 in C:\Users\João Carlos\Documents\API\codeigniter4-framework-336e078\system\Database\MySQLi\Connection.php:312
Stack trace:
#0 C:\Users\João Carlos\Documents\API\codeigniter4-framework-336e078\system\Database\MySQLi\Connection.php(312): mysqli->query('CREATE TABLE `p...', 0)
#1 C:\Users\João Carlos\Documents\API\codeigniter4-framework-336e078\system\Database\BaseConnection.php(734): CodeIgniter\Database\MySQLi\Connection->execute('CREATE TABLE `p...')
#2 C:\Users\João Carlos\Documents\API\codeigniter4-framework-336e078\system\Database\BaseConnection.php(648): CodeIgniter\Database\BaseConnection->simpleQuery('CREATE TABLE `p...')
#3 C:\Users\João Carlos\Documents\API\codeigniter4-framework-336e078\system\Database\Forge.php(570): CodeIgniter\Database\BaseConnection->query('CREATE TABLE `p...')
#4 C:\Users\João Carlos\Documents\API\codeigniter4-framework-336e078\app\Database\Migrations\2024-08-21-171225_Produtos.php(53): CodeIgniter\Database\Forge->createTable('produtos')
#5 C:\Users\João Carlos\Documents\API\codeigniter4-framework-336e078\system\Database\MigrationRunner.php(867): App\Database\Migrations\Produtos->up()
#6 C:\Users\João Carlos\Documents\API\codeigniter4-framework-336e078\system\Database\MigrationRunner.php(183): CodeIgniter\Database\MigrationRunner->migrate('up', Object(stdClass))
#7 C:\Users\João Carlos\Documents\API\codeigniter4-framework-336e078\system\Commands\Database\Migrate.php(85): CodeIgniter\Database\MigrationRunner->latest(NULL)
#8 C:\Users\João Carlos\Documents\API\codeigniter4-framework-336e078\system\CLI\Commands.php(70): CodeIgniter\Commands\Database\Migrate->run(Array)
#9 C:\Users\João Carlos\Documents\API\codeigniter4-framework-336e078\system\CLI\Console.php(48): CodeIgniter\CLI\Commands->run('migrate', Array)
#10 C:\Users\João Carlos\Documents\API\codeigniter4-framework-336e078\system\Boot.php(351): CodeIgniter\CLI\Console->run()
#11 C:\Users\João Carlos\Documents\API\codeigniter4-framework-336e078\system\Boot.php(104): CodeIgniter\Boot::runCommand(Object(CodeIgniter\CLI\Console))
#12 C:\Users\João Carlos\Documents\API\codeigniter4-framework-336e078\spark(84): CodeIgniter\Boot::bootSpark(Object(Config\Paths))
#13 {main}
ERROR - 2024-08-21 18:23:10 --> mysqli_sql_exception: You have an error in your SQL syntax; check the manual that corresponds to your MariaDB server version for the right syntax to use near ') NOT NULL,
	`quantidade` INT(100) NOT NULL,
	`categoria` varchar(100) NOT NU...' at line 5 in C:\Users\João Carlos\Documents\API\codeigniter4-framework-336e078\system\Database\MySQLi\Connection.php:312
Stack trace:
#0 C:\Users\João Carlos\Documents\API\codeigniter4-framework-336e078\system\Database\MySQLi\Connection.php(312): mysqli->query('CREATE TABLE `p...', 0)
#1 C:\Users\João Carlos\Documents\API\codeigniter4-framework-336e078\system\Database\BaseConnection.php(734): CodeIgniter\Database\MySQLi\Connection->execute('CREATE TABLE `p...')
#2 C:\Users\João Carlos\Documents\API\codeigniter4-framework-336e078\system\Database\BaseConnection.php(648): CodeIgniter\Database\BaseConnection->simpleQuery('CREATE TABLE `p...')
#3 C:\Users\João Carlos\Documents\API\codeigniter4-framework-336e078\system\Database\Forge.php(570): CodeIgniter\Database\BaseConnection->query('CREATE TABLE `p...')
#4 C:\Users\João Carlos\Documents\API\codeigniter4-framework-336e078\app\Database\Migrations\2024-08-21-171225_Produtos.php(45): CodeIgniter\Database\Forge->createTable('produtos')
#5 C:\Users\João Carlos\Documents\API\codeigniter4-framework-336e078\system\Database\MigrationRunner.php(867): App\Database\Migrations\Produtos->up()
#6 C:\Users\João Carlos\Documents\API\codeigniter4-framework-336e078\system\Database\MigrationRunner.php(183): CodeIgniter\Database\MigrationRunner->migrate('up', Object(stdClass))
#7 C:\Users\João Carlos\Documents\API\codeigniter4-framework-336e078\system\Commands\Database\Migrate.php(85): CodeIgniter\Database\MigrationRunner->latest(NULL)
#8 C:\Users\João Carlos\Documents\API\codeigniter4-framework-336e078\system\CLI\Commands.php(70): CodeIgniter\Commands\Database\Migrate->run(Array)
#9 C:\Users\João Carlos\Documents\API\codeigniter4-framework-336e078\system\CLI\Console.php(48): CodeIgniter\CLI\Commands->run('migrate', Array)
#10 C:\Users\João Carlos\Documents\API\codeigniter4-framework-336e078\system\Boot.php(351): CodeIgniter\CLI\Console->run()
#11 C:\Users\João Carlos\Documents\API\codeigniter4-framework-336e078\system\Boot.php(104): CodeIgniter\Boot::runCommand(Object(CodeIgniter\CLI\Console))
#12 C:\Users\João Carlos\Documents\API\codeigniter4-framework-336e078\spark(84): CodeIgniter\Boot::bootSpark(Object(Config\Paths))
#13 {main}
ERROR - 2024-08-21 18:25:35 --> Error connecting to the database: mysqli_sql_exception: Access denied for user 'root'@'localhost' (using password: YES) in C:\Users\João Carlos\Documents\API\codeigniter4-framework-336e078\system\Database\MySQLi\Connection.php:186
Stack trace:
#0 C:\Users\João Carlos\Documents\API\codeigniter4-framework-336e078\system\Database\MySQLi\Connection.php(186): mysqli->real_connect('localhost', 'root', Object(SensitiveParameterValue), 'apitest', 3306, '', 0)
#1 C:\Users\João Carlos\Documents\API\codeigniter4-framework-336e078\system\Database\BaseConnection.php(421): CodeIgniter\Database\MySQLi\Connection->connect(false)
#2 C:\Users\João Carlos\Documents\API\codeigniter4-framework-336e078\system\Database\BaseConnection.php(616): CodeIgniter\Database\BaseConnection->initialize()
#3 C:\Users\João Carlos\Documents\API\codeigniter4-framework-336e078\system\Database\BaseConnection.php(1485): CodeIgniter\Database\BaseConnection->query('SHOW TABLES FRO...')
#4 C:\Users\João Carlos\Documents\API\codeigniter4-framework-336e078\system\Database\BaseConnection.php(1505): CodeIgniter\Database\BaseConnection->listTables()
#5 C:\Users\João Carlos\Documents\API\codeigniter4-framework-336e078\system\Database\MigrationRunner.php(759): CodeIgniter\Database\BaseConnection->tableExists('migrations')
#6 C:\Users\João Carlos\Documents\API\codeigniter4-framework-336e078\system\Database\MigrationRunner.php(163): CodeIgniter\Database\MigrationRunner->ensureTable()
#7 C:\Users\João Carlos\Documents\API\codeigniter4-framework-336e078\system\Commands\Database\Migrate.php(85): CodeIgniter\Database\MigrationRunner->latest(NULL)
#8 C:\Users\João Carlos\Documents\API\codeigniter4-framework-336e078\system\CLI\Commands.php(70): CodeIgniter\Commands\Database\Migrate->run(Array)
#9 C:\Users\João Carlos\Documents\API\codeigniter4-framework-336e078\system\CLI\Console.php(48): CodeIgniter\CLI\Commands->run('migrate', Array)
#10 C:\Users\João Carlos\Documents\API\codeigniter4-framework-336e078\system\Boot.php(351): CodeIgniter\CLI\Console->run()
#11 C:\Users\João Carlos\Documents\API\codeigniter4-framework-336e078\system\Boot.php(104): CodeIgniter\Boot::runCommand(Object(CodeIgniter\CLI\Console))
#12 C:\Users\João Carlos\Documents\API\codeigniter4-framework-336e078\spark(84): CodeIgniter\Boot::bootSpark(Object(Config\Paths))
#13 {main}

Next CodeIgniter\Database\Exceptions\DatabaseException: Access denied for user '****'@'localhost' (using password: YES) in C:\Users\João Carlos\Documents\API\codeigniter4-framework-336e078\system\Database\MySQLi\Connection.php:231
Stack trace:
#0 C:\Users\João Carlos\Documents\API\codeigniter4-framework-336e078\system\Database\BaseConnection.php(421): CodeIgniter\Database\MySQLi\Connection->connect(false)
#1 C:\Users\João Carlos\Documents\API\codeigniter4-framework-336e078\system\Database\BaseConnection.php(616): CodeIgniter\Database\BaseConnection->initialize()
#2 C:\Users\João Carlos\Documents\API\codeigniter4-framework-336e078\system\Database\BaseConnection.php(1485): CodeIgniter\Database\BaseConnection->query('SHOW TABLES FRO...')
#3 C:\Users\João Carlos\Documents\API\codeigniter4-framework-336e078\system\Database\BaseConnection.php(1505): CodeIgniter\Database\BaseConnection->listTables()
#4 C:\Users\João Carlos\Documents\API\codeigniter4-framework-336e078\system\Database\MigrationRunner.php(759): CodeIgniter\Database\BaseConnection->tableExists('migrations')
#5 C:\Users\João Carlos\Documents\API\codeigniter4-framework-336e078\system\Database\MigrationRunner.php(163): CodeIgniter\Database\MigrationRunner->ensureTable()
#6 C:\Users\João Carlos\Documents\API\codeigniter4-framework-336e078\system\Commands\Database\Migrate.php(85): CodeIgniter\Database\MigrationRunner->latest(NULL)
#7 C:\Users\João Carlos\Documents\API\codeigniter4-framework-336e078\system\CLI\Commands.php(70): CodeIgniter\Commands\Database\Migrate->run(Array)
#8 C:\Users\João Carlos\Documents\API\codeigniter4-framework-336e078\system\CLI\Console.php(48): CodeIgniter\CLI\Commands->run('migrate', Array)
#9 C:\Users\João Carlos\Documents\API\codeigniter4-framework-336e078\system\Boot.php(351): CodeIgniter\CLI\Console->run()
#10 C:\Users\João Carlos\Documents\API\codeigniter4-framework-336e078\system\Boot.php(104): CodeIgniter\Boot::runCommand(Object(CodeIgniter\CLI\Console))
#11 C:\Users\João Carlos\Documents\API\codeigniter4-framework-336e078\spark(84): CodeIgniter\Boot::bootSpark(Object(Config\Paths))
#12 {main}
ERROR - 2024-08-21 18:26:06 --> mysqli_sql_exception: You have an error in your SQL syntax; check the manual that corresponds to your MariaDB server version for the right syntax to use near ') NOT NULL,
	`quantidade` INT(100) NOT NULL,
	`categoria` varchar(100) NOT NU...' at line 5 in C:\Users\João Carlos\Documents\API\codeigniter4-framework-336e078\system\Database\MySQLi\Connection.php:312
Stack trace:
#0 C:\Users\João Carlos\Documents\API\codeigniter4-framework-336e078\system\Database\MySQLi\Connection.php(312): mysqli->query('CREATE TABLE `p...', 0)
#1 C:\Users\João Carlos\Documents\API\codeigniter4-framework-336e078\system\Database\BaseConnection.php(734): CodeIgniter\Database\MySQLi\Connection->execute('CREATE TABLE `p...')
#2 C:\Users\João Carlos\Documents\API\codeigniter4-framework-336e078\system\Database\BaseConnection.php(648): CodeIgniter\Database\BaseConnection->simpleQuery('CREATE TABLE `p...')
#3 C:\Users\João Carlos\Documents\API\codeigniter4-framework-336e078\system\Database\Forge.php(570): CodeIgniter\Database\BaseConnection->query('CREATE TABLE `p...')
#4 C:\Users\João Carlos\Documents\API\codeigniter4-framework-336e078\app\Database\Migrations\2024-08-21-171225_Produtos.php(45): CodeIgniter\Database\Forge->createTable('produtos')
#5 C:\Users\João Carlos\Documents\API\codeigniter4-framework-336e078\system\Database\MigrationRunner.php(867): App\Database\Migrations\Produtos->up()
#6 C:\Users\João Carlos\Documents\API\codeigniter4-framework-336e078\system\Database\MigrationRunner.php(183): CodeIgniter\Database\MigrationRunner->migrate('up', Object(stdClass))
#7 C:\Users\João Carlos\Documents\API\codeigniter4-framework-336e078\system\Commands\Database\Migrate.php(85): CodeIgniter\Database\MigrationRunner->latest(NULL)
#8 C:\Users\João Carlos\Documents\API\codeigniter4-framework-336e078\system\CLI\Commands.php(70): CodeIgniter\Commands\Database\Migrate->run(Array)
#9 C:\Users\João Carlos\Documents\API\codeigniter4-framework-336e078\system\CLI\Console.php(48): CodeIgniter\CLI\Commands->run('migrate', Array)
#10 C:\Users\João Carlos\Documents\API\codeigniter4-framework-336e078\system\Boot.php(351): CodeIgniter\CLI\Console->run()
#11 C:\Users\João Carlos\Documents\API\codeigniter4-framework-336e078\system\Boot.php(104): CodeIgniter\Boot::runCommand(Object(CodeIgniter\CLI\Console))
#12 C:\Users\João Carlos\Documents\API\codeigniter4-framework-336e078\spark(84): CodeIgniter\Boot::bootSpark(Object(Config\Paths))
#13 {main}
CRITICAL - 2024-08-21 18:27:25 --> InvalidArgumentException: "default" is not a valid database connection group.
[Method: CLI, Route: migrate]
in SYSTEMPATH\Database\Config.php on line 72.
 1 SYSTEMPATH\Common.php(360): CodeIgniter\Database\Config::connect('default', true)
 2 SYSTEMPATH\Database\MigrationRunner.php(146): db_connect(null)
 3 SYSTEMPATH\Config\Services.php(421): CodeIgniter\Database\MigrationRunner->__construct(Object(Config\Migrations), null)
 4 SYSTEMPATH\Config\BaseService.php(312): CodeIgniter\Config\Services::migrations(Object(Config\Migrations), null, false)
 5 SYSTEMPATH\Config\BaseService.php(251): CodeIgniter\Config\BaseService::__callStatic('migrations', [...])
 6 SYSTEMPATH\Config\Services.php(416): CodeIgniter\Config\BaseService::getSharedInstance('migrations', null, null)
 7 SYSTEMPATH\Config\BaseService.php(321): CodeIgniter\Config\Services::migrations()
 8 SYSTEMPATH\Config\BaseService.php(202): CodeIgniter\Config\BaseService::__callStatic('migrations', [])
 9 SYSTEMPATH\Common.php(996): CodeIgniter\Config\BaseService::get('migrations')
10 SYSTEMPATH\Commands\Database\Migrate.php(70): service('migrations')
11 SYSTEMPATH\CLI\Commands.php(70): CodeIgniter\Commands\Database\Migrate->run([])
12 SYSTEMPATH\CLI\Console.php(48): CodeIgniter\CLI\Commands->run('migrate', [])
13 SYSTEMPATH\Boot.php(351): CodeIgniter\CLI\Console->run()
14 SYSTEMPATH\Boot.php(104): CodeIgniter\Boot::runCommand(Object(CodeIgniter\CLI\Console))
15 ROOTPATH\spark(84): CodeIgniter\Boot::bootSpark(Object(Config\Paths))
CRITICAL - 2024-08-21 18:28:52 --> InvalidArgumentException: "default" is not a valid database connection group.
[Method: CLI, Route: migrate]
in SYSTEMPATH\Database\Config.php on line 72.
 1 SYSTEMPATH\Common.php(360): CodeIgniter\Database\Config::connect('default', true)
 2 SYSTEMPATH\Database\MigrationRunner.php(146): db_connect(null)
 3 SYSTEMPATH\Config\Services.php(421): CodeIgniter\Database\MigrationRunner->__construct(Object(Config\Migrations), null)
 4 SYSTEMPATH\Config\BaseService.php(312): CodeIgniter\Config\Services::migrations(Object(Config\Migrations), null, false)
 5 SYSTEMPATH\Config\BaseService.php(251): CodeIgniter\Config\BaseService::__callStatic('migrations', [...])
 6 SYSTEMPATH\Config\Services.php(416): CodeIgniter\Config\BaseService::getSharedInstance('migrations', null, null)
 7 SYSTEMPATH\Config\BaseService.php(321): CodeIgniter\Config\Services::migrations()
 8 SYSTEMPATH\Config\BaseService.php(202): CodeIgniter\Config\BaseService::__callStatic('migrations', [])
 9 SYSTEMPATH\Common.php(996): CodeIgniter\Config\BaseService::get('migrations')
10 SYSTEMPATH\Commands\Database\Migrate.php(70): service('migrations')
11 SYSTEMPATH\CLI\Commands.php(70): CodeIgniter\Commands\Database\Migrate->run([])
12 SYSTEMPATH\CLI\Console.php(48): CodeIgniter\CLI\Commands->run('migrate', [])
13 SYSTEMPATH\Boot.php(351): CodeIgniter\CLI\Console->run()
14 SYSTEMPATH\Boot.php(104): CodeIgniter\Boot::runCommand(Object(CodeIgniter\CLI\Console))
15 ROOTPATH\spark(84): CodeIgniter\Boot::bootSpark(Object(Config\Paths))
CRITICAL - 2024-08-21 18:30:07 --> ErrorException: Undefined property: Config\Database::$defaultGroup
[Method: CLI, Route: migrate]
in SYSTEMPATH\Database\MigrationRunner.php on line 144.
 1 SYSTEMPATH\Database\MigrationRunner.php(144): CodeIgniter\Debug\Exceptions->errorHandler(2, 'Undefined property: Config\\Database::$defaultGroup', 'C:\\Users\\João Carlos\\Documents\\API\\codeigniter4-framework-336e078\\system\\Database\\MigrationRunner.php', 144)
 2 SYSTEMPATH\Config\Services.php(421): CodeIgniter\Database\MigrationRunner->__construct(Object(Config\Migrations), null)
 3 SYSTEMPATH\Config\BaseService.php(312): CodeIgniter\Config\Services::migrations(Object(Config\Migrations), null, false)
 4 SYSTEMPATH\Config\BaseService.php(251): CodeIgniter\Config\BaseService::__callStatic('migrations', [...])
 5 SYSTEMPATH\Config\Services.php(416): CodeIgniter\Config\BaseService::getSharedInstance('migrations', null, null)
 6 SYSTEMPATH\Config\BaseService.php(321): CodeIgniter\Config\Services::migrations()
 7 SYSTEMPATH\Config\BaseService.php(202): CodeIgniter\Config\BaseService::__callStatic('migrations', [])
 8 SYSTEMPATH\Common.php(996): CodeIgniter\Config\BaseService::get('migrations')
 9 SYSTEMPATH\Commands\Database\Migrate.php(70): service('migrations')
10 SYSTEMPATH\CLI\Commands.php(70): CodeIgniter\Commands\Database\Migrate->run([])
11 SYSTEMPATH\CLI\Console.php(48): CodeIgniter\CLI\Commands->run('migrate', [])
12 SYSTEMPATH\Boot.php(351): CodeIgniter\CLI\Console->run()
13 SYSTEMPATH\Boot.php(104): CodeIgniter\Boot::runCommand(Object(CodeIgniter\CLI\Console))
14 ROOTPATH\spark(84): CodeIgniter\Boot::bootSpark(Object(Config\Paths))
CRITICAL - 2024-08-21 20:05:17 --> CodeIgniter\Database\Exceptions\DataException: There is no data to insert.
[Method: POST, Route: produtos]
in SYSTEMPATH\BaseModel.php on line 1833.
 1 SYSTEMPATH\BaseModel.php(1833): CodeIgniter\Database\Exceptions\DataException::forEmptyDataset('insert')
 2 SYSTEMPATH\BaseModel.php(806): CodeIgniter\BaseModel->transformDataToArray([], 'insert')
 3 SYSTEMPATH\Model.php(802): CodeIgniter\BaseModel->insert([], true)
 4 APPPATH\Controllers\ProdutoController.php(30): CodeIgniter\Model->insert([])
 5 SYSTEMPATH\CodeIgniter.php(933): App\Controllers\ProdutoController->create()
 6 SYSTEMPATH\CodeIgniter.php(509): CodeIgniter\CodeIgniter->runController(Object(App\Controllers\ProdutoController))
 7 SYSTEMPATH\CodeIgniter.php(355): CodeIgniter\CodeIgniter->handleRequest(null, Object(Config\Cache), false)
 8 SYSTEMPATH\Boot.php(325): CodeIgniter\CodeIgniter->run()
 9 SYSTEMPATH\Boot.php(67): CodeIgniter\Boot::runCodeIgniter(Object(CodeIgniter\CodeIgniter))
10 FCPATH\index.php(56): CodeIgniter\Boot::bootWeb(Object(Config\Paths))
CRITICAL - 2024-08-21 20:06:42 --> CodeIgniter\Database\Exceptions\DataException: There is no data to insert.
[Method: POST, Route: produtos]
in SYSTEMPATH\BaseModel.php on line 1833.
 1 SYSTEMPATH\BaseModel.php(1833): CodeIgniter\Database\Exceptions\DataException::forEmptyDataset('insert')
 2 SYSTEMPATH\BaseModel.php(806): CodeIgniter\BaseModel->transformDataToArray([], 'insert')
 3 SYSTEMPATH\Model.php(802): CodeIgniter\BaseModel->insert([], true)
 4 APPPATH\Controllers\ProdutoController.php(30): CodeIgniter\Model->insert([])
 5 SYSTEMPATH\CodeIgniter.php(933): App\Controllers\ProdutoController->create()
 6 SYSTEMPATH\CodeIgniter.php(509): CodeIgniter\CodeIgniter->runController(Object(App\Controllers\ProdutoController))
 7 SYSTEMPATH\CodeIgniter.php(355): CodeIgniter\CodeIgniter->handleRequest(null, Object(Config\Cache), false)
 8 SYSTEMPATH\Boot.php(325): CodeIgniter\CodeIgniter->run()
 9 SYSTEMPATH\Boot.php(67): CodeIgniter\Boot::runCodeIgniter(Object(CodeIgniter\CodeIgniter))
10 FCPATH\index.php(56): CodeIgniter\Boot::bootWeb(Object(Config\Paths))
CRITICAL - 2024-08-21 20:06:51 --> CodeIgniter\Database\Exceptions\DataException: There is no data to insert.
[Method: POST, Route: produtos]
in SYSTEMPATH\BaseModel.php on line 1833.
 1 SYSTEMPATH\BaseModel.php(1833): CodeIgniter\Database\Exceptions\DataException::forEmptyDataset('insert')
 2 SYSTEMPATH\BaseModel.php(806): CodeIgniter\BaseModel->transformDataToArray([], 'insert')
 3 SYSTEMPATH\Model.php(802): CodeIgniter\BaseModel->insert([], true)
 4 APPPATH\Controllers\ProdutoController.php(30): CodeIgniter\Model->insert([])
 5 SYSTEMPATH\CodeIgniter.php(933): App\Controllers\ProdutoController->create()
 6 SYSTEMPATH\CodeIgniter.php(509): CodeIgniter\CodeIgniter->runController(Object(App\Controllers\ProdutoController))
 7 SYSTEMPATH\CodeIgniter.php(355): CodeIgniter\CodeIgniter->handleRequest(null, Object(Config\Cache), false)
 8 SYSTEMPATH\Boot.php(325): CodeIgniter\CodeIgniter->run()
 9 SYSTEMPATH\Boot.php(67): CodeIgniter\Boot::runCodeIgniter(Object(CodeIgniter\CodeIgniter))
10 FCPATH\index.php(56): CodeIgniter\Boot::bootWeb(Object(Config\Paths))
CRITICAL - 2024-08-21 20:07:04 --> CodeIgniter\Database\Exceptions\DataException: There is no data to insert.
[Method: POST, Route: produtos]
in SYSTEMPATH\BaseModel.php on line 1833.
 1 SYSTEMPATH\BaseModel.php(1833): CodeIgniter\Database\Exceptions\DataException::forEmptyDataset('insert')
 2 SYSTEMPATH\BaseModel.php(806): CodeIgniter\BaseModel->transformDataToArray([], 'insert')
 3 SYSTEMPATH\Model.php(802): CodeIgniter\BaseModel->insert([], true)
 4 APPPATH\Controllers\ProdutoController.php(30): CodeIgniter\Model->insert([])
 5 SYSTEMPATH\CodeIgniter.php(933): App\Controllers\ProdutoController->create()
 6 SYSTEMPATH\CodeIgniter.php(509): CodeIgniter\CodeIgniter->runController(Object(App\Controllers\ProdutoController))
 7 SYSTEMPATH\CodeIgniter.php(355): CodeIgniter\CodeIgniter->handleRequest(null, Object(Config\Cache), false)
 8 SYSTEMPATH\Boot.php(325): CodeIgniter\CodeIgniter->run()
 9 SYSTEMPATH\Boot.php(67): CodeIgniter\Boot::runCodeIgniter(Object(CodeIgniter\CodeIgniter))
10 FCPATH\index.php(56): CodeIgniter\Boot::bootWeb(Object(Config\Paths))
CRITICAL - 2024-08-21 20:07:05 --> CodeIgniter\Database\Exceptions\DataException: There is no data to insert.
[Method: POST, Route: produtos]
in SYSTEMPATH\BaseModel.php on line 1833.
 1 SYSTEMPATH\BaseModel.php(1833): CodeIgniter\Database\Exceptions\DataException::forEmptyDataset('insert')
 2 SYSTEMPATH\BaseModel.php(806): CodeIgniter\BaseModel->transformDataToArray([], 'insert')
 3 SYSTEMPATH\Model.php(802): CodeIgniter\BaseModel->insert([], true)
 4 APPPATH\Controllers\ProdutoController.php(30): CodeIgniter\Model->insert([])
 5 SYSTEMPATH\CodeIgniter.php(933): App\Controllers\ProdutoController->create()
 6 SYSTEMPATH\CodeIgniter.php(509): CodeIgniter\CodeIgniter->runController(Object(App\Controllers\ProdutoController))
 7 SYSTEMPATH\CodeIgniter.php(355): CodeIgniter\CodeIgniter->handleRequest(null, Object(Config\Cache), false)
 8 SYSTEMPATH\Boot.php(325): CodeIgniter\CodeIgniter->run()
 9 SYSTEMPATH\Boot.php(67): CodeIgniter\Boot::runCodeIgniter(Object(CodeIgniter\CodeIgniter))
10 FCPATH\index.php(56): CodeIgniter\Boot::bootWeb(Object(Config\Paths))
CRITICAL - 2024-08-21 20:08:12 --> CodeIgniter\Database\Exceptions\DataException: There is no data to insert.
[Method: POST, Route: produtos]
in SYSTEMPATH\BaseModel.php on line 1833.
 1 SYSTEMPATH\BaseModel.php(1833): CodeIgniter\Database\Exceptions\DataException::forEmptyDataset('insert')
 2 SYSTEMPATH\BaseModel.php(806): CodeIgniter\BaseModel->transformDataToArray([], 'insert')
 3 SYSTEMPATH\Model.php(802): CodeIgniter\BaseModel->insert([], true)
 4 APPPATH\Controllers\ProdutoController.php(30): CodeIgniter\Model->insert([])
 5 SYSTEMPATH\CodeIgniter.php(933): App\Controllers\ProdutoController->create()
 6 SYSTEMPATH\CodeIgniter.php(509): CodeIgniter\CodeIgniter->runController(Object(App\Controllers\ProdutoController))
 7 SYSTEMPATH\CodeIgniter.php(355): CodeIgniter\CodeIgniter->handleRequest(null, Object(Config\Cache), false)
 8 SYSTEMPATH\Boot.php(325): CodeIgniter\CodeIgniter->run()
 9 SYSTEMPATH\Boot.php(67): CodeIgniter\Boot::runCodeIgniter(Object(CodeIgniter\CodeIgniter))
10 FCPATH\index.php(56): CodeIgniter\Boot::bootWeb(Object(Config\Paths))
CRITICAL - 2024-08-21 20:08:14 --> CodeIgniter\Database\Exceptions\DataException: There is no data to insert.
[Method: POST, Route: produtos]
in SYSTEMPATH\BaseModel.php on line 1833.
 1 SYSTEMPATH\BaseModel.php(1833): CodeIgniter\Database\Exceptions\DataException::forEmptyDataset('insert')
 2 SYSTEMPATH\BaseModel.php(806): CodeIgniter\BaseModel->transformDataToArray([], 'insert')
 3 SYSTEMPATH\Model.php(802): CodeIgniter\BaseModel->insert([], true)
 4 APPPATH\Controllers\ProdutoController.php(30): CodeIgniter\Model->insert([])
 5 SYSTEMPATH\CodeIgniter.php(933): App\Controllers\ProdutoController->create()
 6 SYSTEMPATH\CodeIgniter.php(509): CodeIgniter\CodeIgniter->runController(Object(App\Controllers\ProdutoController))
 7 SYSTEMPATH\CodeIgniter.php(355): CodeIgniter\CodeIgniter->handleRequest(null, Object(Config\Cache), false)
 8 SYSTEMPATH\Boot.php(325): CodeIgniter\CodeIgniter->run()
 9 SYSTEMPATH\Boot.php(67): CodeIgniter\Boot::runCodeIgniter(Object(CodeIgniter\CodeIgniter))
10 FCPATH\index.php(56): CodeIgniter\Boot::bootWeb(Object(Config\Paths))
CRITICAL - 2024-08-21 20:08:14 --> CodeIgniter\Database\Exceptions\DataException: There is no data to insert.
[Method: POST, Route: produtos]
in SYSTEMPATH\BaseModel.php on line 1833.
 1 SYSTEMPATH\BaseModel.php(1833): CodeIgniter\Database\Exceptions\DataException::forEmptyDataset('insert')
 2 SYSTEMPATH\BaseModel.php(806): CodeIgniter\BaseModel->transformDataToArray([], 'insert')
 3 SYSTEMPATH\Model.php(802): CodeIgniter\BaseModel->insert([], true)
 4 APPPATH\Controllers\ProdutoController.php(30): CodeIgniter\Model->insert([])
 5 SYSTEMPATH\CodeIgniter.php(933): App\Controllers\ProdutoController->create()
 6 SYSTEMPATH\CodeIgniter.php(509): CodeIgniter\CodeIgniter->runController(Object(App\Controllers\ProdutoController))
 7 SYSTEMPATH\CodeIgniter.php(355): CodeIgniter\CodeIgniter->handleRequest(null, Object(Config\Cache), false)
 8 SYSTEMPATH\Boot.php(325): CodeIgniter\CodeIgniter->run()
 9 SYSTEMPATH\Boot.php(67): CodeIgniter\Boot::runCodeIgniter(Object(CodeIgniter\CodeIgniter))
10 FCPATH\index.php(56): CodeIgniter\Boot::bootWeb(Object(Config\Paths))
CRITICAL - 2024-08-21 20:17:27 --> CodeIgniter\Database\Exceptions\DataException: There is no data to insert.
[Method: POST, Route: produtos]
in SYSTEMPATH\BaseModel.php on line 1833.
 1 SYSTEMPATH\BaseModel.php(1833): CodeIgniter\Database\Exceptions\DataException::forEmptyDataset('insert')
 2 SYSTEMPATH\BaseModel.php(806): CodeIgniter\BaseModel->transformDataToArray([], 'insert')
 3 SYSTEMPATH\Model.php(802): CodeIgniter\BaseModel->insert([], true)
 4 APPPATH\Controllers\ProdutoController.php(30): CodeIgniter\Model->insert([])
 5 SYSTEMPATH\CodeIgniter.php(933): App\Controllers\ProdutoController->create()
 6 SYSTEMPATH\CodeIgniter.php(509): CodeIgniter\CodeIgniter->runController(Object(App\Controllers\ProdutoController))
 7 SYSTEMPATH\CodeIgniter.php(355): CodeIgniter\CodeIgniter->handleRequest(null, Object(Config\Cache), false)
 8 SYSTEMPATH\Boot.php(325): CodeIgniter\CodeIgniter->run()
 9 SYSTEMPATH\Boot.php(67): CodeIgniter\Boot::runCodeIgniter(Object(CodeIgniter\CodeIgniter))
10 FCPATH\index.php(56): CodeIgniter\Boot::bootWeb(Object(Config\Paths))
CRITICAL - 2024-08-21 20:17:36 --> CodeIgniter\Database\Exceptions\DataException: There is no data to insert.
[Method: POST, Route: produtos]
in SYSTEMPATH\BaseModel.php on line 1833.
 1 SYSTEMPATH\BaseModel.php(1833): CodeIgniter\Database\Exceptions\DataException::forEmptyDataset('insert')
 2 SYSTEMPATH\BaseModel.php(806): CodeIgniter\BaseModel->transformDataToArray([], 'insert')
 3 SYSTEMPATH\Model.php(802): CodeIgniter\BaseModel->insert([], true)
 4 APPPATH\Controllers\ProdutoController.php(30): CodeIgniter\Model->insert([])
 5 SYSTEMPATH\CodeIgniter.php(933): App\Controllers\ProdutoController->create()
 6 SYSTEMPATH\CodeIgniter.php(509): CodeIgniter\CodeIgniter->runController(Object(App\Controllers\ProdutoController))
 7 SYSTEMPATH\CodeIgniter.php(355): CodeIgniter\CodeIgniter->handleRequest(null, Object(Config\Cache), false)
 8 SYSTEMPATH\Boot.php(325): CodeIgniter\CodeIgniter->run()
 9 SYSTEMPATH\Boot.php(67): CodeIgniter\Boot::runCodeIgniter(Object(CodeIgniter\CodeIgniter))
10 FCPATH\index.php(56): CodeIgniter\Boot::bootWeb(Object(Config\Paths))
CRITICAL - 2024-08-21 20:23:40 --> CodeIgniter\Database\Exceptions\DataException: There is no data to insert.
[Method: POST, Route: produtos]
in SYSTEMPATH\BaseModel.php on line 1833.
 1 SYSTEMPATH\BaseModel.php(1833): CodeIgniter\Database\Exceptions\DataException::forEmptyDataset('insert')
 2 SYSTEMPATH\BaseModel.php(806): CodeIgniter\BaseModel->transformDataToArray([], 'insert')
 3 SYSTEMPATH\Model.php(802): CodeIgniter\BaseModel->insert([], true)
 4 APPPATH\Controllers\ProdutoController.php(30): CodeIgniter\Model->insert([])
 5 SYSTEMPATH\CodeIgniter.php(933): App\Controllers\ProdutoController->create()
 6 SYSTEMPATH\CodeIgniter.php(509): CodeIgniter\CodeIgniter->runController(Object(App\Controllers\ProdutoController))
 7 SYSTEMPATH\CodeIgniter.php(355): CodeIgniter\CodeIgniter->handleRequest(null, Object(Config\Cache), false)
 8 SYSTEMPATH\Boot.php(325): CodeIgniter\CodeIgniter->run()
 9 SYSTEMPATH\Boot.php(67): CodeIgniter\Boot::runCodeIgniter(Object(CodeIgniter\CodeIgniter))
10 FCPATH\index.php(56): CodeIgniter\Boot::bootWeb(Object(Config\Paths))
